2025-12-11 02:42:06.249 UTC [283868] LOG:  received fast shutdown request
2025-12-11 02:42:06.250 UTC [283868] LOG:  aborting any active transactions
2025-12-11 02:42:06.252 UTC [283868] LOG:  background worker "logical replication launcher" (PID 283897) exited with exit code 1
2025-12-11 02:42:06.253 UTC [283875] LOG:  shutting down
2025-12-11 02:42:06.275 UTC [283875] LOG:  checkpoint starting: shutdown immediate
2025-12-11 02:42:06.326 UTC [283875] LOG:  checkpoint complete: wrote 0 buffers (0.0%); 0 WAL file(s) added, 0 removed, 0 recycled; write=0.001 s, sync=0.001 s, total=0.053 s; sync files=0, longest=0.000 s, average=0.000 s; distance=16384 kB, estimate=31129 kB; lsn=0/27000028, redo lsn=0/27000028
2025-12-11 02:42:06.340 UTC [283868] LOG:  database system is shut down
2025-12-11 02:42:06.432 UTC [297581] LOG:  starting PostgreSQL 17.6 on x86_64-pc-linux-gnu, compiled by gcc (GCC) 8.5.0 20210514 (Red Hat 8.5.0-26), 64-bit
2025-12-11 02:42:06.433 UTC [297581] LOG:  listening on IPv6 address "::1", port 5432
2025-12-11 02:42:06.433 UTC [297581] LOG:  listening on IPv4 address "127.0.0.1", port 5432
2025-12-11 02:42:06.434 UTC [297581] LOG:  listening on Unix socket "/run/postgresql/.s.PGSQL.5432"
2025-12-11 02:42:06.440 UTC [297581] LOG:  listening on Unix socket "/tmp/.s.PGSQL.5432"
2025-12-11 02:42:06.448 UTC [297585] LOG:  database system was shut down at 2025-12-11 02:42:06 UTC
2025-12-11 02:42:06.457 UTC [297581] LOG:  database system is ready to accept connections
2025-12-11 02:42:15.865 UTC [297606] LOG:  provided user name (postgres) and authenticated user name (root) do not match
2025-12-11 02:42:15.865 UTC [297606] FATAL:  Peer authentication failed for user "postgres"
2025-12-11 02:42:15.865 UTC [297606] DETAIL:  Connection matched file "/var/lib/pgsql/17/data/pg_hba.conf" line 113: "local   all             all                                     peer"
2025-12-11 02:47:06.543 UTC [297583] LOG:  checkpoint starting: time
2025-12-11 02:47:06.553 UTC [297583] LOG:  checkpoint complete: wrote 3 buffers (0.0%); 0 WAL file(s) added, 0 removed, 0 recycled; write=0.002 s, sync=0.002 s, total=0.011 s; sync files=2, longest=0.001 s, average=0.001 s; distance=0 kB, estimate=0 kB; lsn=0/27000130, redo lsn=0/270000D8
2025-12-11 02:49:39.251 UTC [297581] LOG:  received fast shutdown request
2025-12-11 02:49:39.252 UTC [297581] LOG:  aborting any active transactions
2025-12-11 02:49:39.254 UTC [297581] LOG:  background worker "logical replication launcher" (PID 297589) exited with exit code 1
2025-12-11 02:49:39.257 UTC [297583] LOG:  shutting down
2025-12-11 02:49:39.277 UTC [297583] LOG:  checkpoint starting: shutdown immediate
2025-12-11 02:49:39.366 UTC [297583] LOG:  checkpoint complete: wrote 0 buffers (0.0%); 0 WAL file(s) added, 0 removed, 0 recycled; write=0.002 s, sync=0.001 s, total=0.089 s; sync files=0, longest=0.000 s, average=0.000 s; distance=32767 kB, estimate=32767 kB; lsn=0/29000028, redo lsn=0/29000028
2025-12-11 02:49:39.376 UTC [297581] LOG:  database system is shut down
2025-12-11 02:49:39.453 UTC [298386] LOG:  starting PostgreSQL 17.6 on x86_64-pc-linux-gnu, compiled by gcc (GCC) 8.5.0 20210514 (Red Hat 8.5.0-26), 64-bit
2025-12-11 02:49:39.454 UTC [298386] LOG:  listening on IPv6 address "::1", port 5432
2025-12-11 02:49:39.454 UTC [298386] LOG:  listening on IPv4 address "127.0.0.1", port 5432
2025-12-11 02:49:39.455 UTC [298386] LOG:  listening on Unix socket "/run/postgresql/.s.PGSQL.5432"
2025-12-11 02:49:39.457 UTC [298386] LOG:  listening on Unix socket "/tmp/.s.PGSQL.5432"
2025-12-11 02:49:39.463 UTC [298391] LOG:  database system was shut down at 2025-12-11 02:49:39 UTC
cp: cannot stat '/root/sp-lakehouse-backup/project/backups/wal/00000006.history': No such file or directory
2025-12-11 02:49:39.475 UTC [298391] LOG:  restored log file "00000005.history" from archive
cp: cannot stat '/root/sp-lakehouse-backup/project/backups/wal/000000050000000000000029': No such file or directory
2025-12-11 02:49:39.483 UTC [298391] LOG:  starting archive recovery
2025-12-11 02:49:39.488 UTC [298391] LOG:  consistent recovery state reached at 0/290000A0
2025-12-11 02:49:39.488 UTC [298391] LOG:  invalid record length at 0/290000A0: expected at least 24, got 0
2025-12-11 02:49:39.488 UTC [298391] LOG:  redo is not required
2025-12-11 02:49:39.488 UTC [298386] LOG:  database system is ready to accept read-only connections
cp: cannot stat '/root/sp-lakehouse-backup/project/backups/wal/000000050000000000000029': No such file or directory
cp: cannot stat '/root/sp-lakehouse-backup/project/backups/wal/00000006.history': No such file or directory
2025-12-11 02:49:39.504 UTC [298391] LOG:  selected new timeline ID: 6
2025-12-11 02:49:39.604 UTC [298391] LOG:  restored log file "00000005.history" from archive
2025-12-11 02:49:39.605 UTC [298391] LOG:  archive recovery complete
2025-12-11 02:49:39.607 UTC [298389] LOG:  checkpoint starting: end-of-recovery immediate wait
2025-12-11 02:49:39.612 UTC [298389] LOG:  checkpoint complete: wrote 3 buffers (0.0%); 0 WAL file(s) added, 0 removed, 0 recycled; write=0.002 s, sync=0.001 s, total=0.006 s; sync files=2, longest=0.001 s, average=0.001 s; distance=0 kB, estimate=0 kB; lsn=0/290000A0, redo lsn=0/290000A0
2025-12-11 02:49:39.617 UTC [298386] LOG:  database system is ready to accept connections
2025-12-11 02:54:39.706 UTC [298389] LOG:  checkpoint starting: time
2025-12-11 02:54:39.709 UTC [298389] LOG:  checkpoint complete: wrote 0 buffers (0.0%); 0 WAL file(s) added, 0 removed, 0 recycled; write=0.001 s, sync=0.001 s, total=0.004 s; sync files=0, longest=0.000 s, average=0.000 s; distance=16383 kB, estimate=16383 kB; lsn=0/2A0000B8, redo lsn=0/2A000060
2025-12-11 02:57:44.176 UTC [298389] LOG:  checkpoint starting: force wait
2025-12-11 02:57:44.364 UTC [298389] LOG:  checkpoint complete: wrote 0 buffers (0.0%); 0 WAL file(s) added, 0 removed, 0 recycled; write=0.001 s, sync=0.001 s, total=0.188 s; sync files=0, longest=0.000 s, average=0.000 s; distance=32767 kB, estimate=32767 kB; lsn=0/2C000080, redo lsn=0/2C000028
